<?xml version="1.0" encoding="UTF-8"?>
<!-- Generated by org.testng.reporters.JUnitXMLReporter -->
<testsuite ignored="0" hostname="DESKTOP-1D934TS" failures="0" tests="3" name="Default test" time="36.474" errors="0" timestamp="2025-10-18T11:47:30 IST">
  <testcase classname="StockExchange.BaseStock" name="openingAboutNSE" time="27.523"/>
  <testcase classname="StockExchange.BaseStock" name="openingInvest" time="5.748"/>
  <testcase classname="StockExchange.BaseStock" name="openingList" time="3.141"/>
</testsuite> <!-- Default test -->
