<?xml version="1.0" encoding="UTF-8"?>
<!-- Generated by org.testng.reporters.JUnitXMLReporter -->
<testsuite ignored="0" hostname="DESKTOP-1D934TS" failures="0" tests="3" name="Default test" time="18.257" errors="0" timestamp="2025-10-19T12:22:18 IST">
  <testcase classname="StockExchange.BaseStock" name="openingAboutNSE" time="5.437"/>
  <testcase classname="StockExchange.BaseStock" name="openingInvest" time="2.341"/>
  <testcase classname="StockExchange.BaseStock" name="openingList" time="1.904"/>
</testsuite> <!-- Default test -->
