<?xml version="1.0" encoding="UTF-8"?>
<!-- Generated by org.testng.reporters.JUnitXMLReporter -->
<testsuite ignored="0" hostname="DESKTOP-1D934TS" failures="0" tests="4" name="Test" time="52.746" errors="0" timestamp="2025-10-19T21:31:09 IST">
  <testcase classname="StockExchange.BaseStock" name="openingAboutNSE" time="10.613"/>
  <testcase classname="StockExchange.BaseStock" name="openingList" time="9.565"/>
  <testcase classname="StockExchange.BaseStock" name="openingInvest" time="9.556"/>
  <testcase classname="StockExchange.BaseStock" name="testFailExample" time="1.7"/>
</testsuite> <!-- Test -->
