<?xml version="1.0" encoding="UTF-8"?>
<!-- Generated by org.testng.reporters.JUnitXMLReporter -->
<testsuite ignored="0" hostname="DESKTOP-1D934TS" failures="2" tests="4" name="Test" time="18.36" errors="0" timestamp="2025-10-19T21:06:37 IST">
  <testcase classname="StockExchange.BaseStock" name="openingAboutNSE" time="4.301"/>
  <testcase classname="StockExchange.BaseStock" name="openingList" time="2.807">
    <failure type="java.lang.AssertionError" message="The following asserts failed:
	expected [NSE - National Stock Exchange of India Ltd: Live Share/Stock Market News &amp;amp; Updates, Quotes- Nseindia.com] but found [Overview]">
      <![CDATA[java.lang.AssertionError: The following asserts failed:
expected [NSE - National Stock Exchange of India Ltd: Live Share/Stock Market News &amp; Updates, Quotes- Nseindia.com] but found [Overview]
at StockExchange.HomePage.openingList(HomePage.java:83)
at StockExchange.BaseStock.openingList(BaseStock.java:59)
at java.base/java.util.ArrayList.forEach(ArrayList.java:1596)
... Removed 27 stack frames]]>
    </failure>
  </testcase> <!-- openingList -->
  <testcase classname="StockExchange.BaseStock" name="openingInvest" time="2.764">
    <failure type="java.lang.AssertionError" message="The following asserts failed:
	expected [NSE - National Stock Exchange of India Ltd: Live Share/Stock Market News &amp;amp;amp; Updates, Quotes- Nseindia.com] but found [Overview],
	expected [NSE - National Stock Exchange of India Ltd: Live Share/Stock Market News &amp;amp; Updates, Quotes- Nseindia.com] but found [Stamp Duty, Compliance for Trading Members - NSE India]">
      <![CDATA[java.lang.AssertionError: The following asserts failed:
expected [NSE - National Stock Exchange of India Ltd: Live Share/Stock Market News &amp; Updates, Quotes- Nseindia.com] but found [Overview],
expected [NSE - National Stock Exchange of India Ltd: Live Share/Stock Market News &amp; Updates, Quotes- Nseindia.com] but found [Stamp Duty, Compliance for Trading Members - NSE India]
at StockExchange.HomePage.openingInvest(HomePage.java:99)
at StockExchange.BaseStock.openingInvest(BaseStock.java:66)
at java.base/java.util.ArrayList.forEach(ArrayList.java:1596)
... Removed 27 stack frames]]>
    </failure>
  </testcase> <!-- openingInvest -->
  <testcase classname="StockExchange.BaseStock" name="testFailExample" time="1.303"/>
</testsuite> <!-- Test -->
