<?xml version="1.0" encoding="UTF-8"?>
<!-- Generated by org.testng.reporters.JUnitXMLReporter -->
<testsuite ignored="0" hostname="DESKTOP-1D934TS" failures="0" tests="6" name="Test" time="34.047" errors="0" timestamp="2025-10-21T18:57:46 IST">
  <testcase classname="StockExchange.BaseExchange" name="openingAboutNSE" time="7.487"/>
  <testcase classname="StockExchange.BaseExchange" name="openingList" time="5.676"/>
  <testcase classname="StockExchange.BaseExchange" name="openingInvest" time="4.347"/>
  <testcase classname="StockExchange.BaseExchange" name="testFailExample" time="0.922"/>
  <testcase classname="Learn.BestLearn" name="checkRadioButton" time="5.647"/>
  <testcase classname="Learn.BestLearn" name="checkAuto" time="5.343"/>
</testsuite> <!-- Test -->
