<?xml version="1.0" encoding="UTF-8"?>
<!-- Generated by org.testng.reporters.JUnitXMLReporter -->
<testsuite ignored="0" hostname="DESKTOP-1D934TS" failures="1" tests="1" name="Test" time="14.517" errors="0" timestamp="2025-10-20T18:40:24 IST">
  <testcase classname="Learn.BestLearn" name="checkRadioButton" time="12.383">
    <failure type="java.lang.NullPointerException" message="Cannot invoke &amp;quot;org.openqa.selenium.WebElement.click()&amp;quot; because &amp;quot;this.RadioButton&amp;quot; is null">
      <![CDATA[java.lang.NullPointerException: Cannot invoke "org.openqa.selenium.WebElement.click()" because "this.RadioButton" is null
at Learn.RahulHomePage.checkRadioButton(RahulHomePage.java:25)
at Learn.BestLearn.checkRadioButton(BestLearn.java:14)
at java.base/java.util.ArrayList.forEach(ArrayList.java:1596)
... Removed 25 stack frames]]>
    </failure>
  </testcase> <!-- checkRadioButton -->
</testsuite> <!-- Test -->
