<?xml version="1.0" encoding="UTF-8"?>
<!-- Generated by org.testng.reporters.JUnitXMLReporter -->
<testsuite ignored="0" hostname="DESKTOP-1D934TS" failures="1" tests="4" name="Test" time="29.303" errors="0" timestamp="2025-10-19T16:19:38 IST">
  <testcase classname="StockExchange.BaseStock" name="openingAboutNSE" time="6.299"/>
  <testcase classname="StockExchange.BaseStock" name="openingList" time="3.405"/>
  <testcase classname="StockExchange.BaseStock" name="openingInvest" time="3.056">
    <failure type="java.lang.AssertionError" message="The following asserts failed:
	expected [NSE - National Stock Exchange of India Ltd: Live Share/Stock Market News &amp;amp;amp; Updates, Quotes- Nseindia.com] but found [Overview],
	expected [NSE - National Stock Exchange of India Ltd: Live Share/Stock Market News &amp;amp; Updates, Quotes- Nseindia.com] but found [Stamp Duty, Compliance for Trading Members - NSE India]">
      <![CDATA[java.lang.AssertionError: The following asserts failed:
expected [NSE - National Stock Exchange of India Ltd: Live Share/Stock Market News &amp; Updates, Quotes- Nseindia.com] but found [Overview],
expected [NSE - National Stock Exchange of India Ltd: Live Share/Stock Market News &amp; Updates, Quotes- Nseindia.com] but found [Stamp Duty, Compliance for Trading Members - NSE India]
at StockExchange.HomePage.openingInvest(HomePage.java:93)
at StockExchange.BaseStock.openingInvest(BaseStock.java:66)
at java.base/java.util.ArrayList.forEach(ArrayList.java:1596)
... Removed 27 stack frames]]>
    </failure>
  </testcase> <!-- openingInvest -->
  <testcase classname="StockExchange.BaseStock" name="testFailExample" time="1.77"/>
</testsuite> <!-- Test -->
