<?xml version="1.0" encoding="UTF-8"?>
<testng-results ignored="0" total="3" passed="3" failed="0" skipped="0">
  <reporter-output>
  </reporter-output>
  <suite started-at="2025-10-18T11:46:53 IST" name="Default suite" finished-at="2025-10-18T11:47:30 IST" duration-ms="36474">
    <groups>
    </groups>
    <test started-at="2025-10-18T11:46:53 IST" name="Default test" finished-at="2025-10-18T11:47:30 IST" duration-ms="36474">
      <class name="StockExchange.BaseStock">
        <test-method signature="openingAboutNSE()[pri:0, instance:StockExchange.BaseStock@689604d9]" started-at="2025-10-18T11:46:53 IST" name="openingAboutNSE" finished-at="2025-10-18T11:47:21 IST" duration-ms="27523" status="PASS">
          <reporter-output>
          </reporter-output>
        </test-method> <!-- openingAboutNSE -->
        <test-method signature="openingInvest()[pri:0, instance:StockExchange.BaseStock@689604d9]" started-at="2025-10-18T11:47:21 IST" name="openingInvest" finished-at="2025-10-18T11:47:27 IST" duration-ms="5748" status="PASS">
          <reporter-output>
          </reporter-output>
        </test-method> <!-- openingInvest -->
        <test-method signature="openingList()[pri:0, instance:StockExchange.BaseStock@689604d9]" started-at="2025-10-18T11:47:27 IST" name="openingList" finished-at="2025-10-18T11:47:30 IST" duration-ms="3141" status="PASS">
          <reporter-output>
          </reporter-output>
        </test-method> <!-- openingList -->
      </class> <!-- StockExchange.BaseStock -->
    </test> <!-- Default test -->
  </suite> <!-- Default suite -->
</testng-results>
