<?xml version="1.0" encoding="UTF-8"?>
<testng-results ignored="0" total="1" passed="1" failed="0" skipped="0">
  <reporter-output>
  </reporter-output>
  <suite started-at="2025-10-14T21:53:31 IST" name="Default suite" finished-at="2025-10-14T21:55:28 IST" duration-ms="116671">
    <groups>
    </groups>
    <test started-at="2025-10-14T21:53:31 IST" name="Default test" finished-at="2025-10-14T21:55:28 IST" duration-ms="116671">
      <class name="StockExchange.BaseStock">
        <test-method signature="openingAboutNSE()[pri:0, instance:StockExchange.BaseStock@55b699ef]" started-at="2025-10-14T21:53:31 IST" name="openingAboutNSE" finished-at="2025-10-14T21:55:28 IST" duration-ms="116596" status="PASS">
          <reporter-output>
          </reporter-output>
        </test-method> <!-- openingAboutNSE -->
      </class> <!-- StockExchange.BaseStock -->
    </test> <!-- Default test -->
  </suite> <!-- Default suite -->
</testng-results>
