<?xml version="1.0" encoding="UTF-8"?>
<testng-results ignored="0" total="4" passed="4" failed="0" skipped="0">
  <reporter-output>
  </reporter-output>
  <suite started-at="2025-10-19T21:30:16 IST" name="Suite" finished-at="2025-10-19T21:31:09 IST" duration-ms="52746">
    <groups>
    </groups>
    <test started-at="2025-10-19T21:30:16 IST" name="Test" finished-at="2025-10-19T21:31:09 IST" duration-ms="52746">
      <class name="StockExchange.BaseStock">
        <test-method is-config="true" signature="initialization()[pri:0, instance:StockExchange.BaseStock@7068e664]" started-at="2025-10-19T21:30:16 IST" name="initialization" finished-at="2025-10-19T21:30:36 IST" duration-ms="20660" status="PASS">
          <reporter-output>
          </reporter-output>
        </test-method> <!-- initialization -->
        <test-method signature="openingAboutNSE()[pri:1, instance:StockExchange.BaseStock@7068e664]" started-at="2025-10-19T21:30:37 IST" name="openingAboutNSE" finished-at="2025-10-19T21:30:47 IST" duration-ms="10613" status="PASS">
          <reporter-output>
          </reporter-output>
        </test-method> <!-- openingAboutNSE -->
        <test-method signature="openingList()[pri:2, instance:StockExchange.BaseStock@7068e664]" started-at="2025-10-19T21:30:47 IST" name="openingList" finished-at="2025-10-19T21:30:57 IST" duration-ms="9565" status="PASS">
          <reporter-output>
          </reporter-output>
        </test-method> <!-- openingList -->
        <test-method signature="openingInvest()[pri:3, instance:StockExchange.BaseStock@7068e664]" started-at="2025-10-19T21:30:57 IST" name="openingInvest" finished-at="2025-10-19T21:31:06 IST" duration-ms="9556" status="PASS">
          <reporter-output>
          </reporter-output>
        </test-method> <!-- openingInvest -->
        <test-method signature="testFailExample()[pri:4, instance:StockExchange.BaseStock@7068e664]" started-at="2025-10-19T21:31:06 IST" name="testFailExample" finished-at="2025-10-19T21:31:08 IST" duration-ms="1700" status="PASS">
          <reporter-output>
          </reporter-output>
        </test-method> <!-- testFailExample -->
        <test-method is-config="true" signature="close()[pri:0, instance:StockExchange.BaseStock@7068e664]" started-at="2025-10-19T21:31:08 IST" name="close" finished-at="2025-10-19T21:31:09 IST" duration-ms="507" status="PASS">
          <reporter-output>
          </reporter-output>
        </test-method> <!-- close -->
      </class> <!-- StockExchange.BaseStock -->
    </test> <!-- Test -->
  </suite> <!-- Suite -->
</testng-results>
