<?xml version="1.0" encoding="UTF-8"?>
<testng-results ignored="0" total="1" passed="1" failed="0" skipped="0">
  <reporter-output>
  </reporter-output>
  <suite started-at="2025-10-20T21:23:55 IST" name="Default suite" finished-at="2025-10-20T21:24:19 IST" duration-ms="24227">
    <groups>
    </groups>
    <test started-at="2025-10-20T21:23:55 IST" name="Default test" finished-at="2025-10-20T21:24:19 IST" duration-ms="24227">
      <class name="Learn.BestLearn">
        <test-method is-config="true" signature="initialization()[pri:0, instance:Learn.BestLearn@2cdd0d4b]" started-at="2025-10-20T21:23:55 IST" name="initialization" finished-at="2025-10-20T21:23:57 IST" duration-ms="1934" status="PASS">
          <reporter-output>
          </reporter-output>
        </test-method> <!-- initialization -->
        <test-method is-config="true" signature="initial()[pri:0, instance:Learn.BestLearn@2cdd0d4b]" started-at="2025-10-20T21:23:57 IST" name="initial" finished-at="2025-10-20T21:23:57 IST" duration-ms="1" status="PASS">
          <reporter-output>
          </reporter-output>
        </test-method> <!-- initial -->
        <test-method signature="checkAuto()[pri:0, instance:Learn.BestLearn@2cdd0d4b]" started-at="2025-10-20T21:23:57 IST" name="checkAuto" finished-at="2025-10-20T21:24:19 IST" duration-ms="22242" status="PASS">
          <reporter-output>
          </reporter-output>
        </test-method> <!-- checkAuto -->
      </class> <!-- Learn.BestLearn -->
    </test> <!-- Default test -->
  </suite> <!-- Default suite -->
</testng-results>
