<?xml version="1.0" encoding="UTF-8"?>
<testng-results ignored="0" total="6" passed="6" failed="0" skipped="0">
  <reporter-output>
  </reporter-output>
  <suite started-at="2025-10-21T18:57:11 IST" name="Suite" finished-at="2025-10-21T18:57:45 IST" duration-ms="34047">
    <groups>
    </groups>
    <test started-at="2025-10-21T18:57:11 IST" name="Test" finished-at="2025-10-21T18:57:45 IST" duration-ms="34047">
      <class name="Learn.BestLearn">
        <test-method is-config="true" signature="initialization()[pri:0, instance:Learn.BestLearn@42a15bdc]" started-at="2025-10-21T18:57:32 IST" name="initialization" finished-at="2025-10-21T18:57:34 IST" duration-ms="1516" status="PASS">
          <reporter-output>
          </reporter-output>
        </test-method> <!-- initialization -->
        <test-method is-config="true" signature="initial()[pri:0, instance:Learn.BestLearn@42a15bdc]" started-at="2025-10-21T18:57:34 IST" name="initial" finished-at="2025-10-21T18:57:34 IST" duration-ms="4" status="PASS">
          <reporter-output>
          </reporter-output>
        </test-method> <!-- initial -->
        <test-method signature="checkRadioButton()[pri:1, instance:Learn.BestLearn@42a15bdc]" started-at="2025-10-21T18:57:34 IST" name="checkRadioButton" finished-at="2025-10-21T18:57:39 IST" duration-ms="5647" status="PASS">
          <reporter-output>
          </reporter-output>
        </test-method> <!-- checkRadioButton -->
        <test-method is-config="true" signature="initial()[pri:0, instance:Learn.BestLearn@42a15bdc]" started-at="2025-10-21T18:57:39 IST" name="initial" finished-at="2025-10-21T18:57:39 IST" duration-ms="1" status="PASS">
          <reporter-output>
          </reporter-output>
        </test-method> <!-- initial -->
        <test-method signature="checkAuto()[pri:2, instance:Learn.BestLearn@42a15bdc]" started-at="2025-10-21T18:57:39 IST" name="checkAuto" finished-at="2025-10-21T18:57:45 IST" duration-ms="5343" status="PASS">
          <reporter-output>
          </reporter-output>
        </test-method> <!-- checkAuto -->
        <test-method is-config="true" signature="close()[pri:0, instance:Learn.BestLearn@42a15bdc]" started-at="2025-10-21T18:57:45 IST" name="close" finished-at="2025-10-21T18:57:45 IST" duration-ms="458" status="PASS">
          <reporter-output>
          </reporter-output>
        </test-method> <!-- close -->
      </class> <!-- Learn.BestLearn -->
      <class name="StockExchange.BaseExchange">
        <test-method is-config="true" signature="initialization()[pri:0, instance:StockExchange.BaseExchange@3e2055d6]" started-at="2025-10-21T18:57:11 IST" name="initialization" finished-at="2025-10-21T18:57:13 IST" duration-ms="2029" status="PASS">
          <reporter-output>
          </reporter-output>
        </test-method> <!-- initialization -->
        <test-method is-config="true" signature="initiate()[pri:0, instance:StockExchange.BaseExchange@3e2055d6]" started-at="2025-10-21T18:57:13 IST" name="initiate" finished-at="2025-10-21T18:57:13 IST" duration-ms="1" status="PASS">
          <reporter-output>
          </reporter-output>
        </test-method> <!-- initiate -->
        <test-method signature="openingAboutNSE()[pri:1, instance:StockExchange.BaseExchange@3e2055d6]" started-at="2025-10-21T18:57:13 IST" name="openingAboutNSE" finished-at="2025-10-21T18:57:21 IST" duration-ms="7487" status="PASS">
          <reporter-output>
          </reporter-output>
        </test-method> <!-- openingAboutNSE -->
        <test-method is-config="true" signature="initiate()[pri:0, instance:StockExchange.BaseExchange@3e2055d6]" started-at="2025-10-21T18:57:21 IST" name="initiate" finished-at="2025-10-21T18:57:21 IST" duration-ms="2" status="PASS">
          <reporter-output>
          </reporter-output>
        </test-method> <!-- initiate -->
        <test-method signature="openingList()[pri:2, instance:StockExchange.BaseExchange@3e2055d6]" started-at="2025-10-21T18:57:21 IST" name="openingList" finished-at="2025-10-21T18:57:26 IST" duration-ms="5676" status="PASS">
          <reporter-output>
          </reporter-output>
        </test-method> <!-- openingList -->
        <test-method is-config="true" signature="initiate()[pri:0, instance:StockExchange.BaseExchange@3e2055d6]" started-at="2025-10-21T18:57:26 IST" name="initiate" finished-at="2025-10-21T18:57:26 IST" duration-ms="3" status="PASS">
          <reporter-output>
          </reporter-output>
        </test-method> <!-- initiate -->
        <test-method signature="openingInvest()[pri:3, instance:StockExchange.BaseExchange@3e2055d6]" started-at="2025-10-21T18:57:26 IST" name="openingInvest" finished-at="2025-10-21T18:57:31 IST" duration-ms="4347" status="PASS">
          <reporter-output>
          </reporter-output>
        </test-method> <!-- openingInvest -->
        <test-method signature="testFailExample()[pri:4, instance:StockExchange.BaseExchange@3e2055d6]" started-at="2025-10-21T18:57:31 IST" name="testFailExample" finished-at="2025-10-21T18:57:32 IST" duration-ms="922" status="PASS">
          <reporter-output>
          </reporter-output>
        </test-method> <!-- testFailExample -->
        <test-method is-config="true" signature="initiate()[pri:0, instance:StockExchange.BaseExchange@3e2055d6]" started-at="2025-10-21T18:57:31 IST" name="initiate" finished-at="2025-10-21T18:57:31 IST" duration-ms="0" status="PASS">
          <reporter-output>
          </reporter-output>
        </test-method> <!-- initiate -->
        <test-method is-config="true" signature="close()[pri:0, instance:StockExchange.BaseExchange@3e2055d6]" started-at="2025-10-21T18:57:32 IST" name="close" finished-at="2025-10-21T18:57:32 IST" duration-ms="522" status="PASS">
          <reporter-output>
          </reporter-output>
        </test-method> <!-- close -->
      </class> <!-- StockExchange.BaseExchange -->
    </test> <!-- Test -->
  </suite> <!-- Suite -->
</testng-results>
